Start testing: Jun 03 23:36 UTC
----------------------------------------------------------
1/1 Testing: izi_tests
1/1 Test: izi_tests
Command: "/tmp/workspace/ismobaga/iz/build/izi_tests"
Directory: /tmp/workspace/ismobaga/iz/build
"izi_tests" start time: Jun 03 23:36 UTC
Output:
----------------------------------------------------------
Running izi tests...

Results: 57 passed, 0 failed.
<end of output>
Test time =   0.01 sec
----------------------------------------------------------
Test Passed.
"izi_tests" end time: Jun 03 23:36 UTC
"izi_tests" time elapsed: 00:00:00
----------------------------------------------------------

End testing: Jun 03 23:36 UTC
